<?xml version="1.0" encoding="UTF-8"?>
<testsuite name="com.sinensia.helloselenium.MainPageTest" tests="1" skipped="0" failures="0" errors="0" timestamp="2022-02-04T11:30:22" hostname="ubuntu" time="7.025">
  <properties/>
  <testcase name="navigationToAllTools()" classname="com.sinensia.helloselenium.MainPageTest" time="7.025"/>
  <system-out><![CDATA[]]></system-out>
  <system-err><![CDATA[Starting ChromeDriver 98.0.4758.80 (7f0488e8ba0d8e019187c6325a16c29d9b7f4989-refs/branch-heads/4758@{#972}) on port 24922
Only local connections are allowed.
Please see https://chromedriver.chromium.org/security-considerations for suggestions on keeping ChromeDriver safe.
ChromeDriver was started successfully.
Feb 04, 2022 12:30:24 PM org.openqa.selenium.remote.ProtocolHandshake createSession
INFO: Detected dialect: W3C
]]></system-err>
</testsuite>
